<?xml version="1.0" encoding="UTF-8"?>
<testsuite xmlns:xsi="http://www.w3.org/2001/XMLSchema-instance" xsi:noNamespaceSchemaLocation="https://maven.apache.org/surefire/maven-surefire-plugin/xsd/surefire-test-report-3.0.xsd" version="3.0" name="TestSuite" time="1.387" tests="9" errors="0" skipped="0" failures="0">
  <properties>
    <property name="sun.desktop" value="windows"/>
    <property name="awt.toolkit" value="sun.awt.windows.WToolkit"/>
    <property name="java.specification.version" value="11"/>
    <property name="sun.cpu.isalist" value="amd64"/>
    <property name="sun.jnu.encoding" value="Cp1251"/>
    <property name="java.class.path" value="C:\Users\220\IdeaProjects\EpamTestAuro\target\test-classes;C:\Users\220\IdeaProjects\EpamTestAuro\target\classes;C:\Users\220\.m2\repository\org\testng\testng\7.4.0\testng-7.4.0.jar;C:\Users\220\.m2\repository\com\beust\jcommander\1.78\jcommander-1.78.jar;C:\Users\220\.m2\repository\org\webjars\jquery\3.5.1\jquery-3.5.1.jar;C:\Users\220\.m2\repository\org\assertj\assertj-core\3.21.0\assertj-core-3.21.0.jar;C:\Users\220\IdeaProjects\EpamTestAuro\src\main\resources\calculator-1.0.jar;"/>
    <property name="java.vm.vendor" value="Oracle Corporation"/>
    <property name="sun.arch.data.model" value="64"/>
    <property name="user.variant" value=""/>
    <property name="java.vendor.url" value="https://openjdk.java.net/"/>
    <property name="user.timezone" value="Europe/Moscow"/>
    <property name="java.vm.specification.version" value="11"/>
    <property name="os.name" value="Windows 10"/>
    <property name="sun.java.launcher" value="SUN_STANDARD"/>
    <property name="user.country" value="RU"/>
    <property name="sun.boot.library.path" value="C:\Program Files\Java\jdk-11.0.11\bin"/>
    <property name="sun.java.command" value="C:\Users\220\AppData\Local\Temp\surefire11410556588309609868\surefirebooter17890563859884406935.jar C:\Users\220\AppData\Local\Temp\surefire11410556588309609868 2021-10-16T20-23-31_446-jvmRun1 surefire2874639511120830119tmp surefire_010903379403493282599tmp"/>
    <property name="jdk.debug" value="release"/>
    <property name="surefire.test.class.path" value="C:\Users\220\IdeaProjects\EpamTestAuro\target\test-classes;C:\Users\220\IdeaProjects\EpamTestAuro\target\classes;C:\Users\220\.m2\repository\org\testng\testng\7.4.0\testng-7.4.0.jar;C:\Users\220\.m2\repository\com\beust\jcommander\1.78\jcommander-1.78.jar;C:\Users\220\.m2\repository\org\webjars\jquery\3.5.1\jquery-3.5.1.jar;C:\Users\220\.m2\repository\org\assertj\assertj-core\3.21.0\assertj-core-3.21.0.jar;C:\Users\220\IdeaProjects\EpamTestAuro\src\main\resources\calculator-1.0.jar;"/>
    <property name="sun.cpu.endian" value="little"/>
    <property name="user.home" value="C:\Users\220"/>
    <property name="user.language" value="ru"/>
    <property name="java.specification.vendor" value="Oracle Corporation"/>
    <property name="java.version.date" value="2021-04-20"/>
    <property name="java.home" value="C:\Program Files\Java\jdk-11.0.11"/>
    <property name="file.separator" value="\"/>
    <property name="basedir" value="C:\Users\220\IdeaProjects\EpamTestAuro"/>
    <property name="java.vm.compressedOopsMode" value="32-bit"/>
    <property name="line.separator" value="&#10;"/>
    <property name="java.specification.name" value="Java Platform API Specification"/>
    <property name="java.vm.specification.vendor" value="Oracle Corporation"/>
    <property name="java.awt.graphicsenv" value="sun.awt.Win32GraphicsEnvironment"/>
    <property name="surefire.real.class.path" value="C:\Users\220\AppData\Local\Temp\surefire11410556588309609868\surefirebooter17890563859884406935.jar"/>
    <property name="user.script" value=""/>
    <property name="sun.management.compiler" value="HotSpot 64-Bit Tiered Compilers"/>
    <property name="java.runtime.version" value="11.0.11+9-LTS-194"/>
    <property name="user.name" value="220"/>
    <property name="path.separator" value=";"/>
    <property name="os.version" value="10.0"/>
    <property name="java.runtime.name" value="Java(TM) SE Runtime Environment"/>
    <property name="file.encoding" value="Cp1251"/>
    <property name="java.vm.name" value="Java HotSpot(TM) 64-Bit Server VM"/>
    <property name="java.vendor.version" value="18.9"/>
    <property name="localRepository" value="C:\Users\220\.m2\repository"/>
    <property name="java.vendor.url.bug" value="https://bugreport.java.com/bugreport/"/>
    <property name="java.io.tmpdir" value="C:\Users\220\AppData\Local\Temp\"/>
    <property name="java.version" value="11.0.11"/>
    <property name="user.dir" value="C:\Users\220\IdeaProjects\EpamTestAuro"/>
    <property name="os.arch" value="amd64"/>
    <property name="java.vm.specification.name" value="Java Virtual Machine Specification"/>
    <property name="java.awt.printerjob" value="sun.awt.windows.WPrinterJob"/>
    <property name="sun.os.patch.level" value=""/>
    <property name="java.library.path" value="C:\Program Files\Java\jdk-11.0.11\bin;C:\WINDOWS\Sun\Java\bin;C:\WINDOWS\system32;C:\WINDOWS;C:\Program Files\Common Files\Oracle\Java\javapath;C:\Program Files (x86)\Intel\Intel(R) Management Engine Components\iCLS\;C:\Program Files\Intel\Intel(R) Management Engine Components\iCLS\;C:\Windows\system32;C:\Windows;C:\Windows\System32\Wbem;C:\Windows\System32\WindowsPowerShell\v1.0\;C:\Windows\System32\OpenSSH\;C:\Program Files (x86)\NVIDIA Corporation\PhysX\Common;C:\Program Files (x86)\Intel\Intel(R) Management Engine Components\DAL;C:\Program Files\Intel\Intel(R) Management Engine Components\DAL;C:\Program Files (x86)\Intel\Intel(R) Management Engine Components\IPT;C:\Program Files\Intel\Intel(R) Management Engine Components\IPT;C:\Program Files\nodejs\;C:\WINDOWS\system32;C:\WINDOWS;C:\WINDOWS\System32\Wbem;C:\WINDOWS\System32\WindowsPowerShell\v1.0\;C:\WINDOWS\System32\OpenSSH\;C:\Program Files\Git\cmd;C:\Program Files\Azure Data Studio\bin;C:\Program Files\apache-maven-3.8.3\bin;C:\Users\220\AppData\Local\Microsoft\WindowsApps;C:\Users\220\AppData\Roaming\npm;C:\altera\16.0\modelsim_ase\win32aloem;C:\Program Files\Azure Data Studio\bin;D:\Downloads\utilities\gcc\riscv64-unknown-elf-gcc-8.2.0-2019.05.3-x86_64-w64-mingw32\riscv64-unknown-elf-gcc-8.2.0-2019.05.3-x86_64-w64-mingw32\bin;D:\Downloads\utilities\make;C:\altera\13.1\modelsim_ase\win32aloem;."/>
    <property name="java.vendor" value="Oracle Corporation"/>
    <property name="java.vm.info" value="mixed mode"/>
    <property name="java.vm.version" value="11.0.11+9-LTS-194"/>
    <property name="sun.io.unicode.encoding" value="UnicodeLittle"/>
    <property name="java.class.version" value="55.0"/>
  </properties>
  <testcase name="sumDoubleTest[2.0, 3.1, 5.1](1)" classname="com.epam.tc.hw1.basics.CalculatorSumTest" time="0.116">
    <system-out><![CDATA[before method
]]></system-out>
  </testcase>
  <testcase name="sumDoubleTest[7.5, 7.3, 14.8](2)" classname="com.epam.tc.hw1.basics.CalculatorSumTest" time="0">
    <system-out><![CDATA[after method

before method
]]></system-out>
  </testcase>
  <testcase name="sumLongTest[2, 3, 5](1)" classname="com.epam.tc.hw1.basics.CalculatorSumTest" time="0">
    <system-out><![CDATA[after method

before method
]]></system-out>
  </testcase>
  <testcase name="sumLongTest[7, 7, 14](2)" classname="com.epam.tc.hw1.basics.CalculatorSumTest" time="0">
    <system-out><![CDATA[after method

before method
]]></system-out>
  </testcase>
  <testcase name="subDoubleTest[2.0, 3.1, -1.1](1)" classname="com.epam.tc.hw1.basics.CalculatorSubtractTest" time="0">
    <system-out><![CDATA[after method

before method
]]></system-out>
  </testcase>
  <testcase name="subDoubleTest[8.9, 7.3, 1.6000000000000005](2)" classname="com.epam.tc.hw1.basics.CalculatorSubtractTest" time="0">
    <system-out><![CDATA[after method

before method
]]></system-out>
  </testcase>
  <testcase name="subLongTest[2, 3, -1](1)" classname="com.epam.tc.hw1.basics.CalculatorSubtractTest" time="0">
    <system-out><![CDATA[after method

before method
]]></system-out>
  </testcase>
  <testcase name="subLongTest[7, 7, 0](2)" classname="com.epam.tc.hw1.basics.CalculatorSubtractTest" time="0">
    <system-out><![CDATA[after method

before method
]]></system-out>
  </testcase>
  <testcase name="subLongTest[8, 3, 5](3)" classname="com.epam.tc.hw1.basics.CalculatorSubtractTest" time="0">
    <system-out><![CDATA[after method

before method
]]></system-out>
  </testcase>
</testsuite>