<?xml version="1.0" encoding="UTF-8"?>
<!-- Generated by org.testng.reporters.JUnitReportReporter -->
<testsuite hostname="LAPTOP-5OB1FN0K" failures="0" tests="1" name="com.epam.tc.hw4.exercise2.PageDifferentElementsTest" time="8.213" errors="0" timestamp="2021-10-27T21:01:21 MSK" skipped="0">
  <testcase classname="com.epam.tc.hw4.exercise2.PageDifferentElementsTest" name="innerPageDifferentElementsTest" time="8.213"/>
  <system-out/>
</testsuite> <!-- com.epam.tc.hw4.exercise2.PageDifferentElementsTest -->
