<?xml version="1.0" encoding="UTF-8"?>
<!-- Generated by org.testng.reporters.JUnitReportReporter -->
<testsuite hostname="LAPTOP-5OB1FN0K" failures="0" tests="4" name="com.epam.tc.hw1.CalculatorMultiplyTest" time="0.014" errors="0" timestamp="2021-10-16T13:08:07 MSK" skipped="0">
  <testcase classname="com.epam.tc.hw1.CalculatorMultiplyTest" name="multLongTest" time="0.001"/>
  <system-out/>
  <testcase classname="com.epam.tc.hw1.CalculatorMultiplyTest" name="sumDoubleTest" time="0.001"/>
  <system-out/>
  <testcase classname="com.epam.tc.hw1.CalculatorMultiplyTest" name="sumDoubleTest" time="0.005"/>
  <system-out/>
  <testcase classname="com.epam.tc.hw1.CalculatorMultiplyTest" name="multLongTest" time="0.007"/>
  <system-out/>
</testsuite> <!-- com.epam.tc.hw1.CalculatorMultiplyTest -->
