<?xml version="1.0" encoding="UTF-8"?>
<!-- Generated by org.testng.reporters.JUnitReportReporter -->
<testsuite hostname="LAPTOP-5OB1FN0K" failures="0" tests="7" name="com.epam.tc.hw1.basics.CalculatorDivideTest" time="0.169" errors="0" timestamp="2021-10-19T11:27:55 MSK" skipped="0">
  <testcase classname="com.epam.tc.hw1.basics.CalculatorDivideTest" name="invalidLongInput" time="0.015"/>
  <system-out/>
  <testcase classname="com.epam.tc.hw1.basics.CalculatorDivideTest" name="divideDoubleData" time="0.000"/>
  <system-out/>
  <testcase classname="com.epam.tc.hw1.basics.CalculatorDivideTest" name="invalidLongInput" time="0.000"/>
  <system-out/>
  <testcase classname="com.epam.tc.hw1.basics.CalculatorDivideTest" name="invalidLongInput" time="0.023"/>
  <system-out/>
  <testcase classname="com.epam.tc.hw1.basics.CalculatorDivideTest" name="divideDoubleData" time="0.131"/>
  <system-out/>
  <testcase classname="com.epam.tc.hw1.basics.CalculatorDivideTest" name="divideLongData" time="0.000"/>
  <system-out/>
  <testcase classname="com.epam.tc.hw1.basics.CalculatorDivideTest" name="divideLongData" time="0.000"/>
  <system-out/>
</testsuite> <!-- com.epam.tc.hw1.basics.CalculatorDivideTest -->
