<?xml version="1.0" encoding="UTF-8"?>
<!-- Generated by org.testng.reporters.JUnitReportReporter -->
<testsuite hostname="LAPTOP-5OB1FN0K" failures="0" tests="5" name="com.epam.tc.hw1.CalculatorSubtractTest" time="0.011" errors="0" timestamp="2021-10-16T13:08:07 MSK" skipped="0">
  <testcase classname="com.epam.tc.hw1.CalculatorSubtractTest" name="subLongTest" time="0.002"/>
  <system-out/>
  <testcase classname="com.epam.tc.hw1.CalculatorSubtractTest" name="subDoubleTest" time="0.001"/>
  <system-out/>
  <testcase classname="com.epam.tc.hw1.CalculatorSubtractTest" name="subLongTest" time="0.002"/>
  <system-out/>
  <testcase classname="com.epam.tc.hw1.CalculatorSubtractTest" name="subDoubleTest" time="0.004"/>
  <system-out/>
  <testcase classname="com.epam.tc.hw1.CalculatorSubtractTest" name="subLongTest" time="0.002"/>
  <system-out/>
</testsuite> <!-- com.epam.tc.hw1.CalculatorSubtractTest -->
