<?xml version="1.0" encoding="UTF-8"?>
<!-- Generated by org.testng.reporters.JUnitReportReporter -->
<testsuite hostname="LAPTOP-5OB1FN0K" failures="0" tests="1" name="com.epam.tc.hw4.exercise1.StartPageTest" time="15.179" errors="0" timestamp="2021-10-27T21:01:21 MSK" skipped="0">
  <testcase classname="com.epam.tc.hw4.exercise1.StartPageTest" name="startPageJdiTest" time="15.179"/>
  <system-out/>
</testsuite> <!-- com.epam.tc.hw4.exercise1.StartPageTest -->
