<?xml version="1.0" encoding="UTF-8"?>
<!-- Generated by org.testng.reporters.JUnitReportReporter -->
<testsuite hostname="LAPTOP-5OB1FN0K" failures="0" tests="14" name="com.epam.tc.hw1.sign.CalculatorPlusSignTest" time="0.031" errors="0" timestamp="2021-10-19T11:27:55 MSK" skipped="0">
  <testcase classname="com.epam.tc.hw1.sign.CalculatorPlusSignTest" name="plusSignTest" time="0.000"/>
  <system-out/>
  <testcase classname="com.epam.tc.hw1.sign.CalculatorPlusSignTest" name="minusSignTest" time="0.016"/>
  <system-out/>
  <testcase classname="com.epam.tc.hw1.sign.CalculatorPlusSignTest" name="minusSignTest" time="0.000"/>
  <system-out/>
  <testcase classname="com.epam.tc.hw1.sign.CalculatorPlusSignTest" name="plusSignTest" time="0.000"/>
  <system-out/>
  <testcase classname="com.epam.tc.hw1.sign.CalculatorPlusSignTest" name="minusSignTest" time="0.000"/>
  <system-out/>
  <testcase classname="com.epam.tc.hw1.sign.CalculatorPlusSignTest" name="minusSignTest" time="0.000"/>
  <system-out/>
  <testcase classname="com.epam.tc.hw1.sign.CalculatorPlusSignTest" name="plusSignTest" time="0.000"/>
  <system-out/>
  <testcase classname="com.epam.tc.hw1.sign.CalculatorPlusSignTest" name="minusSignTest" time="0.000"/>
  <system-out/>
  <testcase classname="com.epam.tc.hw1.sign.CalculatorPlusSignTest" name="plusSignTest" time="0.000"/>
  <system-out/>
  <testcase classname="com.epam.tc.hw1.sign.CalculatorPlusSignTest" name="minusSignTest" time="0.000"/>
  <system-out/>
  <testcase classname="com.epam.tc.hw1.sign.CalculatorPlusSignTest" name="minusSignTest" time="0.000"/>
  <system-out/>
  <testcase classname="com.epam.tc.hw1.sign.CalculatorPlusSignTest" name="plusSignTest" time="0.000"/>
  <system-out/>
  <testcase classname="com.epam.tc.hw1.sign.CalculatorPlusSignTest" name="plusSignTest" time="0.015"/>
  <system-out/>
  <testcase classname="com.epam.tc.hw1.sign.CalculatorPlusSignTest" name="plusSignTest" time="0.000"/>
  <system-out/>
</testsuite> <!-- com.epam.tc.hw1.sign.CalculatorPlusSignTest -->
