<?xml version="1.0" encoding="UTF-8"?>
<!-- Generated by org.testng.reporters.JUnitReportReporter -->
<testsuite hostname="LAPTOP-5OB1FN0K" failures="0" tests="4" name="com.epam.tc.hw1.basics.CalculatorSumTest" time="0.116" errors="0" timestamp="2021-10-16T20:23:34 MSK" skipped="0">
  <testcase classname="com.epam.tc.hw1.basics.CalculatorSumTest" name="sumDoubleTest" time="0.116"/>
  <system-out/>
  <testcase classname="com.epam.tc.hw1.basics.CalculatorSumTest" name="sumDoubleTest" time="0.000"/>
  <system-out/>
  <testcase classname="com.epam.tc.hw1.basics.CalculatorSumTest" name="sumLongTest" time="0.000"/>
  <system-out/>
  <testcase classname="com.epam.tc.hw1.basics.CalculatorSumTest" name="sumLongTest" time="0.000"/>
  <system-out/>
</testsuite> <!-- com.epam.tc.hw1.basics.CalculatorSumTest -->
