<?xml version="1.0" encoding="UTF-8"?>
<!-- Generated by org.testng.reporters.JUnitReportReporter -->
<testsuite hostname="LAPTOP-5OB1FN0K" failures="0" tests="4" name="com.epam.tc.hw1.basics.CalculatorMultiplyTest" time="0.000" errors="0" timestamp="2021-10-19T11:27:55 MSK" skipped="0">
  <testcase classname="com.epam.tc.hw1.basics.CalculatorMultiplyTest" name="sumDoubleTest" time="0.000"/>
  <system-out/>
  <testcase classname="com.epam.tc.hw1.basics.CalculatorMultiplyTest" name="sumDoubleTest" time="0.000"/>
  <system-out/>
  <testcase classname="com.epam.tc.hw1.basics.CalculatorMultiplyTest" name="multLongTest" time="0.000"/>
  <system-out/>
  <testcase classname="com.epam.tc.hw1.basics.CalculatorMultiplyTest" name="multLongTest" time="0.000"/>
  <system-out/>
</testsuite> <!-- com.epam.tc.hw1.basics.CalculatorMultiplyTest -->
